--- Nettoyage de la console ---
[H[2J[3J--- Lancement du serveur Node.js ---
[H[2J[3J[32mINFO [Game] Logger démarrée[0m
Serveur démarré sur http://localhost:3000
node:events:497
      throw er; // Unhandled 'error' event
      ^

Error: listen EADDRINUSE: address already in use :::8008
    at Server.setupListenHandle [as _listen2] (node:net:1904:16)
    at listenInCluster (node:net:1961:12)
    at Server.listen (node:net:2063:7)
    at file:///home/mey/WebstormProjects/CARDGames-websocket/server.js:61:8
    at ModuleJob.run (node:internal/modules/esm/module_job:234:25)
    at async ModuleLoader.import (node:internal/modules/esm/loader:473:24)
    at async asyncRunEntryPointWithESMLoader (node:internal/modules/run_main:123:5)
Emitted 'error' event on Server instance at:
    at emitErrorNT (node:net:1940:8)
    at process.processTicksAndRejections (node:internal/process/task_queues:82:21) {
  code: 'EADDRINUSE',
  errno: -98,
  syscall: 'listen',
  address: '::',
  port: 8008
}

Node.js v20.17.0
make: *** [Makefile:25: run] Error 1
